0 info it worked if it ends with ok
1 verbose cli [ '/usr/bin/node', '/usr/bin/npm', 'install' ]
2 info using npm@3.5.2
3 info using node@v8.10.0
4 silly loadCurrentTree Starting
5 silly install loadCurrentTree
6 silly install readLocalPackageData
7 silly install normalizeTree
8 silly loadCurrentTree Finishing
9 silly loadIdealTree Starting
10 silly install loadIdealTree
11 silly cloneCurrentTree Starting
12 silly install cloneCurrentTreeToIdealTree
13 silly cloneCurrentTree Finishing
14 silly loadShrinkwrap Starting
15 silly install loadShrinkwrap
16 silly loadShrinkwrap Finishing
17 silly loadAllDepsIntoIdealTree Starting
18 silly install loadAllDepsIntoIdealTree
19 silly fetchNamedPackageData @polymer/polymer
20 silly mapToRegistry name @polymer/polymer
21 silly mapToRegistry scope (from package name) @polymer
22 verbose mapToRegistry no registry URL found in name for scope @polymer
23 silly mapToRegistry using default registry
24 silly mapToRegistry registry https://registry.npmjs.org/
25 silly mapToRegistry uri https://registry.npmjs.org/@polymer%2fpolymer
26 silly fetchNamedPackageData @webcomponents/webcomponentsjs
27 silly mapToRegistry name @webcomponents/webcomponentsjs
28 silly mapToRegistry scope (from package name) @webcomponents
29 verbose mapToRegistry no registry URL found in name for scope @webcomponents
30 silly mapToRegistry using default registry
31 silly mapToRegistry registry https://registry.npmjs.org/
32 silly mapToRegistry uri https://registry.npmjs.org/@webcomponents%2fwebcomponentsjs
33 silly fetchOtherPackageData @vaadin/flow-deps@./target/frontend
34 silly cache add args [ '@vaadin/flow-deps@./target/frontend', null ]
35 verbose cache add spec @vaadin/flow-deps@./target/frontend
36 verbose request uri https://registry.npmjs.org/@polymer%2fpolymer
37 verbose request no auth needed
38 info attempt registry request try #1 at 12:33:45 PM
39 verbose request id a8a57de5646bab5b
40 http request GET https://registry.npmjs.org/@polymer%2fpolymer
41 verbose request uri https://registry.npmjs.org/@webcomponents%2fwebcomponentsjs
42 verbose request no auth needed
43 info attempt registry request try #1 at 12:33:45 PM
44 http request GET https://registry.npmjs.org/@webcomponents%2fwebcomponentsjs
45 silly cache add parsed spec Result {
45 silly cache add   raw: '@vaadin/flow-deps@./target/frontend',
45 silly cache add   scope: '@vaadin',
45 silly cache add   name: '@vaadin/flow-deps',
45 silly cache add   rawSpec: './target/frontend',
45 silly cache add   spec: '/home/yilmaz/IdeaProjects/fooda/woo-product-client/target/frontend',
45 silly cache add   type: 'local' }
46 error addLocal Could not install /home/yilmaz/IdeaProjects/fooda/woo-product-client/target/frontend
47 silly fetchPackageMetaData Error: ENOENT: no such file or directory, open '/home/yilmaz/IdeaProjects/fooda/woo-product-client/target/frontend'
47 silly fetchPackageMetaData  error for @vaadin/flow-deps@./target/frontend { Error: ENOENT: no such file or directory, open '/home/yilmaz/IdeaProjects/fooda/woo-product-client/target/frontend'
47 silly fetchPackageMetaData   errno: -2,
47 silly fetchPackageMetaData   code: 'ENOENT',
47 silly fetchPackageMetaData   syscall: 'open',
47 silly fetchPackageMetaData   path: '/home/yilmaz/IdeaProjects/fooda/woo-product-client/target/frontend' }
48 http 200 https://registry.npmjs.org/@webcomponents%2fwebcomponentsjs
49 verbose headers { date: 'Thu, 16 Apr 2020 10:33:46 GMT',
49 verbose headers   'content-type': 'application/json',
49 verbose headers   'transfer-encoding': 'chunked',
49 verbose headers   connection: 'keep-alive',
49 verbose headers   'set-cookie':
49 verbose headers    [ '__cfduid=dd329c702614e46216bf2dd59c0b8bf131587033226; expires=Sat, 16-May-20 10:33:46 GMT; path=/; domain=.npmjs.org; HttpOnly; SameSite=Lax' ],
49 verbose headers   'cf-ray': '584d3ffe8cc5d49c-BRU',
49 verbose headers   age: '7035',
49 verbose headers   'cache-control': 'public, max-age=300',
49 verbose headers   etag: 'W/"6ca9dca2d9a2dadc9f29d7397c8dd7a8"',
49 verbose headers   'last-modified': 'Mon, 16 Mar 2020 20:00:16 GMT',
49 verbose headers   vary: 'accept-encoding, accept',
49 verbose headers   'cf-cache-status': 'HIT',
49 verbose headers   'expect-ct': 'max-age=604800, report-uri="https://report-uri.cloudflare.com/cdn-cgi/beacon/expect-ct"',
49 verbose headers   server: 'cloudflare',
49 verbose headers   'content-encoding': 'gzip',
49 verbose headers   'cf-request-id': '02242653170000d49cc5882200000001' }
50 silly get cb [ 200,
50 silly get   { date: 'Thu, 16 Apr 2020 10:33:46 GMT',
50 silly get     'content-type': 'application/json',
50 silly get     'transfer-encoding': 'chunked',
50 silly get     connection: 'keep-alive',
50 silly get     'set-cookie':
50 silly get      [ '__cfduid=dd329c702614e46216bf2dd59c0b8bf131587033226; expires=Sat, 16-May-20 10:33:46 GMT; path=/; domain=.npmjs.org; HttpOnly; SameSite=Lax' ],
50 silly get     'cf-ray': '584d3ffe8cc5d49c-BRU',
50 silly get     age: '7035',
50 silly get     'cache-control': 'public, max-age=300',
50 silly get     etag: 'W/"6ca9dca2d9a2dadc9f29d7397c8dd7a8"',
50 silly get     'last-modified': 'Mon, 16 Mar 2020 20:00:16 GMT',
50 silly get     vary: 'accept-encoding, accept',
50 silly get     'cf-cache-status': 'HIT',
50 silly get     'expect-ct': 'max-age=604800, report-uri="https://report-uri.cloudflare.com/cdn-cgi/beacon/expect-ct"',
50 silly get     server: 'cloudflare',
50 silly get     'content-encoding': 'gzip',
50 silly get     'cf-request-id': '02242653170000d49cc5882200000001' } ]
51 verbose get saving @webcomponents/webcomponentsjs to /home/yilmaz/.npm/registry.npmjs.org/_40webcomponents_252fwebcomponentsjs/.cache.json
52 verbose makeDirectory /home/yilmaz/.npm creation not in flight; initializing
53 silly makeDirectory /home/yilmaz/.npm uid: 1000 gid: 1000
54 silly resolveWithNewModule @webcomponents/webcomponentsjs@2.4.3 checking installable status
55 silly cache add args [ '@webcomponents/webcomponentsjs@^2.2.10', null ]
56 verbose cache add spec @webcomponents/webcomponentsjs@^2.2.10
57 silly cache add parsed spec Result {
57 silly cache add   raw: '@webcomponents/webcomponentsjs@^2.2.10',
57 silly cache add   scope: '@webcomponents',
57 silly cache add   name: '@webcomponents/webcomponentsjs',
57 silly cache add   rawSpec: '^2.2.10',
57 silly cache add   spec: '>=2.2.10 <3.0.0',
57 silly cache add   type: 'range' }
58 silly addNamed @webcomponents/webcomponentsjs@>=2.2.10 <3.0.0
59 verbose addNamed ">=2.2.10 <3.0.0" is a valid semver range for @webcomponents/webcomponentsjs
60 silly addNameRange { name: '@webcomponents/webcomponentsjs',
60 silly addNameRange   range: '>=2.2.10 <3.0.0',
60 silly addNameRange   hasData: false }
61 silly mapToRegistry name @webcomponents/webcomponentsjs
62 silly mapToRegistry scope (from package name) @webcomponents
63 verbose mapToRegistry no registry URL found in name for scope @webcomponents
64 silly mapToRegistry using default registry
65 silly mapToRegistry registry https://registry.npmjs.org/
66 silly mapToRegistry uri https://registry.npmjs.org/@webcomponents%2fwebcomponentsjs
67 verbose addNameRange registry:https://registry.npmjs.org/@webcomponents%2fwebcomponentsjs not in flight; fetching
68 http 200 https://registry.npmjs.org/@polymer%2fpolymer
69 verbose headers { date: 'Thu, 16 Apr 2020 10:33:46 GMT',
69 verbose headers   'content-type': 'application/json',
69 verbose headers   'transfer-encoding': 'chunked',
69 verbose headers   connection: 'keep-alive',
69 verbose headers   'set-cookie':
69 verbose headers    [ '__cfduid=ddd312beee1f479b4e564d6b5d0457c641587033226; expires=Sat, 16-May-20 10:33:46 GMT; path=/; domain=.npmjs.org; HttpOnly; SameSite=Lax' ],
69 verbose headers   'cf-ray': '584d3ffe8fb0d490-BRU',
69 verbose headers   age: '5736',
69 verbose headers   'cache-control': 'public, max-age=300',
69 verbose headers   etag: 'W/"51d3fe67f1a192a5d9a030610ceb4912"',
69 verbose headers   'last-modified': 'Fri, 08 Nov 2019 21:20:16 GMT',
69 verbose headers   vary: 'accept-encoding, accept',
69 verbose headers   'cf-cache-status': 'HIT',
69 verbose headers   'expect-ct': 'max-age=604800, report-uri="https://report-uri.cloudflare.com/cdn-cgi/beacon/expect-ct"',
69 verbose headers   server: 'cloudflare',
69 verbose headers   'content-encoding': 'gzip',
69 verbose headers   'cf-request-id': '02242653130000d4906d98c200000001' }
70 silly get cb [ 200,
70 silly get   { date: 'Thu, 16 Apr 2020 10:33:46 GMT',
70 silly get     'content-type': 'application/json',
70 silly get     'transfer-encoding': 'chunked',
70 silly get     connection: 'keep-alive',
70 silly get     'set-cookie':
70 silly get      [ '__cfduid=ddd312beee1f479b4e564d6b5d0457c641587033226; expires=Sat, 16-May-20 10:33:46 GMT; path=/; domain=.npmjs.org; HttpOnly; SameSite=Lax' ],
70 silly get     'cf-ray': '584d3ffe8fb0d490-BRU',
70 silly get     age: '5736',
70 silly get     'cache-control': 'public, max-age=300',
70 silly get     etag: 'W/"51d3fe67f1a192a5d9a030610ceb4912"',
70 silly get     'last-modified': 'Fri, 08 Nov 2019 21:20:16 GMT',
70 silly get     vary: 'accept-encoding, accept',
70 silly get     'cf-cache-status': 'HIT',
70 silly get     'expect-ct': 'max-age=604800, report-uri="https://report-uri.cloudflare.com/cdn-cgi/beacon/expect-ct"',
70 silly get     server: 'cloudflare',
70 silly get     'content-encoding': 'gzip',
70 silly get     'cf-request-id': '02242653130000d4906d98c200000001' } ]
71 verbose get saving @polymer/polymer to /home/yilmaz/.npm/registry.npmjs.org/_40polymer_252fpolymer/.cache.json
72 verbose get https://registry.npmjs.org/@webcomponents%2fwebcomponentsjs not expired, no request
73 silly addNameRange number 2 { name: '@webcomponents/webcomponentsjs',
73 silly addNameRange   range: '>=2.2.10 <3.0.0',
73 silly addNameRange   hasData: true }
74 silly addNameRange versions [ '@webcomponents/webcomponentsjs',
74 silly addNameRange   [ '1.0.0-rc.12',
74 silly addNameRange     '1.0.0',
74 silly addNameRange     '1.0.1',
74 silly addNameRange     '1.0.2',
74 silly addNameRange     '1.0.3',
74 silly addNameRange     '1.0.5',
74 silly addNameRange     '1.0.6',
74 silly addNameRange     '1.0.7',
74 silly addNameRange     '1.0.8',
74 silly addNameRange     '1.0.9',
74 silly addNameRange     '1.0.10',
74 silly addNameRange     '1.0.11',
74 silly addNameRange     '1.0.12',
74 silly addNameRange     '1.0.13',
74 silly addNameRange     '1.0.14',
74 silly addNameRange     '1.0.15',
74 silly addNameRange     '1.0.16',
74 silly addNameRange     '1.0.17',
74 silly addNameRange     '1.0.18',
74 silly addNameRange     '1.0.19',
74 silly addNameRange     '1.0.20',
74 silly addNameRange     '1.0.21',
74 silly addNameRange     '1.0.22',
74 silly addNameRange     '1.1.0',
74 silly addNameRange     '1.1.1',
74 silly addNameRange     '1.2.0',
74 silly addNameRange     '2.0.0-0',
74 silly addNameRange     '2.0.0-beta.2',
74 silly addNameRange     '2.0.0-beta.3',
74 silly addNameRange     '2.0.0',
74 silly addNameRange     '1.2.2',
74 silly addNameRange     '2.0.1',
74 silly addNameRange     '2.0.2',
74 silly addNameRange     '1.2.3',
74 silly addNameRange     '2.0.3',
74 silly addNameRange     '1.2.4',
74 silly addNameRange     '2.0.4',
74 silly addNameRange     '2.1.0',
74 silly addNameRange     '1.2.5',
74 silly addNameRange     '1.2.6',
74 silly addNameRange     '2.1.1',
74 silly addNameRange     '2.1.2',
74 silly addNameRange     '2.1.3',
74 silly addNameRange     '1.2.7',
74 silly addNameRange     '2.2.0',
74 silly addNameRange     '1.3.0',
74 silly addNameRange     '2.2.1',
74 silly addNameRange     '2.2.2',
74 silly addNameRange     '2.2.3',
74 silly addNameRange     '2.2.4',
74 silly addNameRange     '2.2.5',
74 silly addNameRange     '2.2.6',
74 silly addNameRange     '1.3.1',
74 silly addNameRange     '1.3.2',
74 silly addNameRange     '2.2.7',
74 silly addNameRange     '1.3.3',
74 silly addNameRange     '2.2.8',
74 silly addNameRange     '2.2.9',
74 silly addNameRange     '2.2.10',
74 silly addNameRange     '2.3.0',
74 silly addNameRange     '2.4.0',
74 silly addNameRange     '2.4.1',
74 silly addNameRange     '2.4.2',
74 silly addNameRange     '2.4.3' ] ]
75 silly addNamed @webcomponents/webcomponentsjs@2.4.3
76 verbose addNamed "2.4.3" is a plain semver version for @webcomponents/webcomponentsjs
77 silly mapToRegistry name @webcomponents/webcomponentsjs
78 silly mapToRegistry scope (from package name) @webcomponents
79 verbose mapToRegistry no registry URL found in name for scope @webcomponents
80 silly mapToRegistry using default registry
81 silly mapToRegistry registry https://registry.npmjs.org/
82 silly mapToRegistry uri https://registry.npmjs.org/@webcomponents%2fwebcomponentsjs
83 verbose addRemoteTarball https://registry.npmjs.org/@webcomponents/webcomponentsjs/-/webcomponentsjs-2.4.3.tgz not in flight; adding
84 verbose addRemoteTarball [ 'https://registry.npmjs.org/@webcomponents/webcomponentsjs/-/webcomponentsjs-2.4.3.tgz',
84 verbose addRemoteTarball   '384f4f6d54563ba465fb4df21fe89e78a76fc530' ]
85 info retry fetch attempt 1 at 12:33:46 PM
86 info attempt registry request try #1 at 12:33:46 PM
87 http fetch GET https://registry.npmjs.org/@webcomponents/webcomponentsjs/-/webcomponentsjs-2.4.3.tgz
88 silly resolveWithNewModule @polymer/polymer@3.2.0 checking installable status
89 silly cache add args [ '@polymer/polymer@3.2.0', null ]
90 verbose cache add spec @polymer/polymer@3.2.0
91 silly cache add parsed spec Result {
91 silly cache add   raw: '@polymer/polymer@3.2.0',
91 silly cache add   scope: '@polymer',
91 silly cache add   name: '@polymer/polymer',
91 silly cache add   rawSpec: '3.2.0',
91 silly cache add   spec: '3.2.0',
91 silly cache add   type: 'version' }
92 silly addNamed @polymer/polymer@3.2.0
93 verbose addNamed "3.2.0" is a plain semver version for @polymer/polymer
94 silly mapToRegistry name @polymer/polymer
95 silly mapToRegistry scope (from package name) @polymer
96 verbose mapToRegistry no registry URL found in name for scope @polymer
97 silly mapToRegistry using default registry
98 silly mapToRegistry registry https://registry.npmjs.org/
99 silly mapToRegistry uri https://registry.npmjs.org/@polymer%2fpolymer
100 verbose addNameVersion registry:https://registry.npmjs.org/@polymer%2fpolymer not in flight; fetching
101 verbose get https://registry.npmjs.org/@polymer%2fpolymer not expired, no request
102 silly mapToRegistry name @polymer/polymer
103 silly mapToRegistry scope (from package name) @polymer
104 verbose mapToRegistry no registry URL found in name for scope @polymer
105 silly mapToRegistry using default registry
106 silly mapToRegistry registry https://registry.npmjs.org/
107 silly mapToRegistry uri https://registry.npmjs.org/@polymer%2fpolymer
108 verbose addRemoteTarball https://registry.npmjs.org/@polymer/polymer/-/polymer-3.2.0.tgz not in flight; adding
109 verbose addRemoteTarball [ 'https://registry.npmjs.org/@polymer/polymer/-/polymer-3.2.0.tgz',
109 verbose addRemoteTarball   'b41fddec4ecac63b12936b93726678d23add7afd' ]
110 info retry fetch attempt 1 at 12:33:46 PM
111 info attempt registry request try #1 at 12:33:46 PM
112 http fetch GET https://registry.npmjs.org/@polymer/polymer/-/polymer-3.2.0.tgz
113 http fetch 200 https://registry.npmjs.org/@polymer/polymer/-/polymer-3.2.0.tgz
114 http fetch 200 https://registry.npmjs.org/@webcomponents/webcomponentsjs/-/webcomponentsjs-2.4.3.tgz
115 silly fetchAndShaCheck shasum b41fddec4ecac63b12936b93726678d23add7afd
116 verbose addTmpTarball /tmp/npm-1076-78f34420/registry.npmjs.org/_40polymer/polymer/-/polymer-3.2.0.tgz not in flight; adding
117 verbose addTmpTarball already have metadata; skipping unpack for @polymer/polymer@3.2.0
118 silly cache afterAdd @polymer/polymer@3.2.0
119 verbose afterAdd /home/yilmaz/.npm/@polymer/polymer/3.2.0/package/package.json not in flight; writing
120 verbose afterAdd /home/yilmaz/.npm/@polymer/polymer/3.2.0/package/package.json written
121 silly fetchAndShaCheck shasum 384f4f6d54563ba465fb4df21fe89e78a76fc530
122 verbose addTmpTarball /tmp/npm-1076-78f34420/registry.npmjs.org/_40webcomponents/webcomponentsjs/-/webcomponentsjs-2.4.3.tgz not in flight; adding
123 verbose addTmpTarball already have metadata; skipping unpack for @webcomponents/webcomponentsjs@2.4.3
124 silly cache afterAdd @webcomponents/webcomponentsjs@2.4.3
125 verbose afterAdd /home/yilmaz/.npm/@webcomponents/webcomponentsjs/2.4.3/package/package.json not in flight; writing
126 verbose afterAdd /home/yilmaz/.npm/@webcomponents/webcomponentsjs/2.4.3/package/package.json written
127 silly rollbackFailedOptional Starting
128 silly rollbackFailedOptional Finishing
129 silly runTopLevelLifecycles Starting
130 silly runTopLevelLifecycles Finishing
131 silly install printInstalled
132 verbose stack Error: ENOENT: no such file or directory, open '/home/yilmaz/IdeaProjects/fooda/woo-product-client/target/frontend'
133 verbose cwd /home/yilmaz/IdeaProjects/fooda/woo-product-client
134 error Linux 5.3.0-46-generic
135 error argv "/usr/bin/node" "/usr/bin/npm" "install"
136 error node v8.10.0
137 error npm  v3.5.2
138 error path /home/yilmaz/IdeaProjects/fooda/woo-product-client/target/frontend
139 error code ENOENT
140 error errno -2
141 error syscall open
142 error enoent ENOENT: no such file or directory, open '/home/yilmaz/IdeaProjects/fooda/woo-product-client/target/frontend'
143 error enoent ENOENT: no such file or directory, open '/home/yilmaz/IdeaProjects/fooda/woo-product-client/target/frontend'
143 error enoent This is most likely not a problem with npm itself
143 error enoent and is related to npm not being able to find a file.
144 verbose exit [ -2, true ]
